2024-08-08 22:45:07:457 - [32minfo[39m: [32mAplicação rodando na porta 3000[39m
2024-08-08 22:45:40:4540 - [32minfo[39m: [32mAplicação rodando na porta 3000[39m
2024-08-08 22:45:43:4543 - [32minfo[39m: [32mAplicação rodando na porta 3000[39m
2024-08-08 22:45:46:4546 - [32minfo[39m: [32mAplicação rodando na porta 3000[39m
2024-08-08 22:45:57:4557 - [32minfo[39m: [32mAplicação conectou ao banco de dados[39m
2024-08-08 22:45:57:4557 - [32minfo[39m: [32mAplicação rodando na porta 3000[39m
2024-08-08 22:46:12:4612 - [32minfo[39m: [32mAplicação conectou ao banco de dados[39m
2024-08-08 22:46:12:4612 - [32minfo[39m: [32mAplicação rodando na porta 3000[39m
2024-08-08 22:47:11:4711 - [32minfo[39m: [32mAplicação conectou ao banco de dados[39m
2024-08-08 22:47:11:4711 - [32minfo[39m: [32mAplicação rodando na porta 3000[39m
2024-08-08 22:47:12:4712 - [32minfo[39m: [32mAplicação conectou ao banco de dados[39m
2024-08-08 22:47:12:4712 - [32minfo[39m: [32mAplicação rodando na porta 3000[39m
2024-08-08 22:47:55:4755 - [31merror[39m: [31mNão foi possível conectar ao banco de dados[39m
2024-08-08 22:47:55:4755 - [31merror[39m: [31mErro: Error: querySrv ENOTFOUND _mongodb._tcp.cluster0.qsi63vx.mongodb.net[39m
2024-08-08 22:47:55:4755 - [32minfo[39m: [32mAplicação rodando na porta 3000[39m
2024-08-08 22:48:06:486 - [32minfo[39m: [32mAplicação conectou ao banco de dados[39m
2024-08-08 22:48:06:486 - [32minfo[39m: [32mAplicação rodando na porta 3000[39m
2024-08-08 22:48:41:4841 - [32minfo[39m: [32mAplicação conectou ao banco de dados[39m
2024-08-08 22:48:41:4841 - [32minfo[39m: [32mAplicação rodando na porta 3000[39m
2024-08-08 22:48:45:4845 - [32minfo[39m: [32mAplicação conectou ao banco de dados[39m
2024-08-08 22:48:45:4845 - [32minfo[39m: [32mAplicação rodando na porta 3000[39m
2024-08-08 22:48:46:4846 - [32minfo[39m: [32mAplicação conectou ao banco de dados[39m
2024-08-08 22:48:46:4846 - [32minfo[39m: [32mAplicação rodando na porta 3000[39m
2024-08-08 22:48:48:4848 - [32minfo[39m: [32mAplicação conectou ao banco de dados[39m
2024-08-08 22:48:48:4848 - [32minfo[39m: [32mAplicação rodando na porta 3000[39m
2024-08-08 22:48:52:4852 - [32minfo[39m: [32mAplicação conectou ao banco de dados[39m
2024-08-08 22:48:52:4852 - [32minfo[39m: [32mAplicação rodando na porta 3000[39m
2024-08-08 22:49:04:494 - [31merror[39m: [31mNão foi possível conectar ao banco de dados[39m
2024-08-08 22:49:18:4918 - [32minfo[39m: [32mAplicação conectou ao banco de dados[39m
2024-08-08 22:49:18:4918 - [32minfo[39m: [32mAplicação rodando na porta 3000[39m
2024-08-09 12:04:16:416 - [32minfo[39m: [32mAplicação conectou ao banco de dados[39m
2024-08-09 12:04:16:416 - [32minfo[39m: [32mAplicação rodando na porta 3000[39m
2024-08-09 12:04:29:429 - [35mhttp[39m: [35mGET /api/test 200 12 - 3.570 ms[39m
[35m[39m
2024-08-09 12:15:05:155 - [32minfo[39m: [32mAplicação conectou ao banco de dados[39m
2024-08-09 12:15:05:155 - [32minfo[39m: [32mAplicação rodando na porta 3000[39m
2024-08-09 12:15:08:158 - [32minfo[39m: [32mAplicação conectou ao banco de dados[39m
2024-08-09 12:15:08:158 - [32minfo[39m: [32mAplicação rodando na porta 3000[39m
2024-08-09 12:15:09:159 - [32minfo[39m: [32mAplicação conectou ao banco de dados[39m
2024-08-09 12:15:09:159 - [32minfo[39m: [32mAplicação rodando na porta 3000[39m
2024-08-09 12:15:11:1511 - [32minfo[39m: [32mAplicação conectou ao banco de dados[39m
2024-08-09 12:15:11:1511 - [32minfo[39m: [32mAplicação rodando na porta 3000[39m
2024-08-09 12:15:13:1513 - [32minfo[39m: [32mAplicação conectou ao banco de dados[39m
2024-08-09 12:15:13:1513 - [32minfo[39m: [32mAplicação rodando na porta 3000[39m
2024-08-09 12:15:17:1517 - [32minfo[39m: [32mAplicação conectou ao banco de dados[39m
2024-08-09 12:15:17:1517 - [32minfo[39m: [32mAplicação rodando na porta 3000[39m
2024-08-09 12:15:19:1519 - [32minfo[39m: [32mAplicação conectou ao banco de dados[39m
2024-08-09 12:15:19:1519 - [32minfo[39m: [32mAplicação rodando na porta 3000[39m
2024-08-09 12:15:21:1521 - [32minfo[39m: [32mAplicação conectou ao banco de dados[39m
2024-08-09 12:15:21:1521 - [32minfo[39m: [32mAplicação rodando na porta 3000[39m
2024-08-09 12:15:29:1529 - [32minfo[39m: [32mAplicação conectou ao banco de dados[39m
2024-08-09 12:15:29:1529 - [32minfo[39m: [32mAplicação rodando na porta 3000[39m
2024-08-09 12:17:58:1758 - [35mhttp[39m: [35mPOST /api/movie 201 131 - 160.622 ms[39m
[35m[39m
2024-08-09 13:05:02:52 - [32minfo[39m: [32mAplicação conectou ao banco de dados[39m
2024-08-09 13:05:02:52 - [32minfo[39m: [32mAplicação rodando na porta 3000[39m
2024-08-09 13:05:57:557 - [35mhttp[39m: [35mPOST /api/movie 201 159 - 53.216 ms[39m
[35m[39m
2024-08-09 13:14:54:1454 - [32minfo[39m: [32mAplicação conectou ao banco de dados[39m
2024-08-09 13:14:54:1454 - [32minfo[39m: [32mAplicação rodando na porta 3000[39m
2024-08-09 13:15:06:156 - [32minfo[39m: [32mAplicação conectou ao banco de dados[39m
2024-08-09 13:15:06:156 - [32minfo[39m: [32mAplicação rodando na porta 3000[39m
2024-08-09 13:16:18:1618 - [35mhttp[39m: [35mPOST /api/movie 201 159 - 89.092 ms[39m
[35m[39m
2024-08-09 13:22:05:225 - [32minfo[39m: [32mAplicação conectou ao banco de dados[39m
2024-08-09 13:22:05:225 - [32minfo[39m: [32mAplicação rodando na porta 3000[39m
2024-08-09 13:22:39:2239 - [35mhttp[39m: [35mPOST /api/movie 422 296 - 6.510 ms[39m
[35m[39m
2024-08-09 13:36:08:368 - [35mhttp[39m: [35mPOST /api/movie 201 588 - 61.911 ms[39m
[35m[39m
2024-08-09 16:02:00:20 - [32minfo[39m: [32mAplicação conectou ao banco de dados[39m
2024-08-09 16:02:00:20 - [32minfo[39m: [32mAplicação rodando na porta 3000[39m
2024-08-09 16:02:06:26 - [32minfo[39m: [32mAplicação conectou ao banco de dados[39m
2024-08-09 16:02:06:26 - [32minfo[39m: [32mAplicação rodando na porta 3000[39m
2024-08-09 16:02:07:27 - [32minfo[39m: [32mAplicação conectou ao banco de dados[39m
2024-08-09 16:02:07:27 - [32minfo[39m: [32mAplicação rodando na porta 3000[39m
2024-08-09 16:02:10:210 - [32minfo[39m: [32mAplicação conectou ao banco de dados[39m
2024-08-09 16:02:10:210 - [32minfo[39m: [32mAplicação rodando na porta 3000[39m
2024-08-09 16:02:12:212 - [32minfo[39m: [32mAplicação conectou ao banco de dados[39m
2024-08-09 16:02:12:212 - [32minfo[39m: [32mAplicação rodando na porta 3000[39m
2024-08-09 16:02:15:215 - [32minfo[39m: [32mAplicação conectou ao banco de dados[39m
2024-08-09 16:02:15:215 - [32minfo[39m: [32mAplicação rodando na porta 3000[39m
2024-08-09 16:02:16:216 - [32minfo[39m: [32mAplicação conectou ao banco de dados[39m
2024-08-09 16:02:16:216 - [32minfo[39m: [32mAplicação rodando na porta 3000[39m
2024-08-09 16:02:20:220 - [32minfo[39m: [32mAplicação conectou ao banco de dados[39m
2024-08-09 16:02:20:220 - [32minfo[39m: [32mAplicação rodando na porta 3000[39m
2024-08-09 16:02:22:222 - [32minfo[39m: [32mAplicação conectou ao banco de dados[39m
2024-08-09 16:02:22:222 - [32minfo[39m: [32mAplicação rodando na porta 3000[39m
2024-08-09 16:02:27:227 - [32minfo[39m: [32mAplicação conectou ao banco de dados[39m
2024-08-09 16:02:27:227 - [32minfo[39m: [32mAplicação rodando na porta 3000[39m
2024-08-09 16:02:32:232 - [32minfo[39m: [32mAplicação conectou ao banco de dados[39m
2024-08-09 16:02:32:232 - [32minfo[39m: [32mAplicação rodando na porta 3000[39m
2024-08-09 16:02:37:237 - [32minfo[39m: [32mAplicação conectou ao banco de dados[39m
2024-08-09 16:02:37:237 - [32minfo[39m: [32mAplicação rodando na porta 3000[39m
2024-08-09 16:02:41:241 - [32minfo[39m: [32mAplicação conectou ao banco de dados[39m
2024-08-09 16:02:41:241 - [32minfo[39m: [32mAplicação rodando na porta 3000[39m
2024-08-09 16:02:44:244 - [32minfo[39m: [32mAplicação conectou ao banco de dados[39m
2024-08-09 16:02:44:244 - [32minfo[39m: [32mAplicação rodando na porta 3000[39m
2024-08-09 16:02:58:258 - [32minfo[39m: [32mAplicação conectou ao banco de dados[39m
2024-08-09 16:02:58:258 - [32minfo[39m: [32mAplicação rodando na porta 3000[39m
2024-08-09 16:03:07:37 - [32minfo[39m: [32mAplicação conectou ao banco de dados[39m
2024-08-09 16:03:07:37 - [32minfo[39m: [32mAplicação rodando na porta 3000[39m
2024-08-09 16:03:10:310 - [32minfo[39m: [32mAplicação conectou ao banco de dados[39m
2024-08-09 16:03:10:310 - [32minfo[39m: [32mAplicação rodando na porta 3000[39m
2024-08-09 16:03:12:312 - [32minfo[39m: [32mAplicação conectou ao banco de dados[39m
2024-08-09 16:03:12:312 - [32minfo[39m: [32mAplicação rodando na porta 3000[39m
2024-08-09 16:03:14:314 - [32minfo[39m: [32mAplicação conectou ao banco de dados[39m
2024-08-09 16:03:14:314 - [32minfo[39m: [32mAplicação rodando na porta 3000[39m
2024-08-09 16:03:29:329 - [32minfo[39m: [32mAplicação conectou ao banco de dados[39m
2024-08-09 16:03:29:329 - [32minfo[39m: [32mAplicação rodando na porta 3000[39m
2024-08-09 16:03:32:332 - [32minfo[39m: [32mAplicação conectou ao banco de dados[39m
2024-08-09 16:03:32:332 - [32minfo[39m: [32mAplicação rodando na porta 3000[39m
2024-08-09 16:03:34:334 - [32minfo[39m: [32mAplicação conectou ao banco de dados[39m
2024-08-09 16:03:34:334 - [32minfo[39m: [32mAplicação rodando na porta 3000[39m
2024-08-09 16:03:36:336 - [32minfo[39m: [32mAplicação conectou ao banco de dados[39m
2024-08-09 16:03:36:336 - [32minfo[39m: [32mAplicação rodando na porta 3000[39m
2024-08-09 16:03:39:339 - [32minfo[39m: [32mAplicação conectou ao banco de dados[39m
2024-08-09 16:03:39:339 - [32minfo[39m: [32mAplicação rodando na porta 3000[39m
2024-08-09 16:03:43:343 - [32minfo[39m: [32mAplicação conectou ao banco de dados[39m
2024-08-09 16:03:43:343 - [32minfo[39m: [32mAplicação rodando na porta 3000[39m
2024-08-09 16:04:38:438 - [32minfo[39m: [32mAplicação conectou ao banco de dados[39m
2024-08-09 16:04:38:438 - [32minfo[39m: [32mAplicação rodando na porta 3000[39m
2024-08-09 16:04:47:447 - [32minfo[39m: [32mAplicação conectou ao banco de dados[39m
2024-08-09 16:04:47:447 - [32minfo[39m: [32mAplicação rodando na porta 3000[39m
2024-08-09 16:04:48:448 - [32minfo[39m: [32mAplicação conectou ao banco de dados[39m
2024-08-09 16:04:48:448 - [32minfo[39m: [32mAplicação rodando na porta 3000[39m
2024-08-09 16:04:49:449 - [32minfo[39m: [32mAplicação conectou ao banco de dados[39m
2024-08-09 16:04:49:449 - [32minfo[39m: [32mAplicação rodando na porta 3000[39m
2024-08-09 16:04:53:453 - [32minfo[39m: [32mAplicação conectou ao banco de dados[39m
2024-08-09 16:04:53:453 - [32minfo[39m: [32mAplicação rodando na porta 3000[39m
2024-08-09 16:04:55:455 - [32minfo[39m: [32mAplicação conectou ao banco de dados[39m
2024-08-09 16:04:55:455 - [32minfo[39m: [32mAplicação rodando na porta 3000[39m
2024-08-09 16:04:56:456 - [32minfo[39m: [32mAplicação conectou ao banco de dados[39m
2024-08-09 16:04:56:456 - [32minfo[39m: [32mAplicação rodando na porta 3000[39m
2024-08-09 16:04:58:458 - [32minfo[39m: [32mAplicação conectou ao banco de dados[39m
2024-08-09 16:04:58:458 - [32minfo[39m: [32mAplicação rodando na porta 3000[39m
2024-08-09 16:05:01:51 - [32minfo[39m: [32mAplicação conectou ao banco de dados[39m
2024-08-09 16:05:01:51 - [32minfo[39m: [32mAplicação rodando na porta 3000[39m
2024-08-09 16:05:10:510 - [32minfo[39m: [32mAplicação conectou ao banco de dados[39m
2024-08-09 16:05:10:510 - [32minfo[39m: [32mAplicação rodando na porta 3000[39m
2024-08-09 16:05:34:534 - [32minfo[39m: [32mAplicação conectou ao banco de dados[39m
2024-08-09 16:05:34:534 - [32minfo[39m: [32mAplicação rodando na porta 3000[39m
2024-08-09 16:05:35:535 - [32minfo[39m: [32mAplicação conectou ao banco de dados[39m
2024-08-09 16:05:35:535 - [32minfo[39m: [32mAplicação rodando na porta 3000[39m
2024-08-09 16:05:45:545 - [32minfo[39m: [32mAplicação conectou ao banco de dados[39m
2024-08-09 16:05:45:545 - [32minfo[39m: [32mAplicação rodando na porta 3000[39m
2024-08-09 16:05:47:547 - [32minfo[39m: [32mAplicação conectou ao banco de dados[39m
2024-08-09 16:05:47:547 - [32minfo[39m: [32mAplicação rodando na porta 3000[39m
2024-08-09 16:05:51:551 - [32minfo[39m: [32mAplicação conectou ao banco de dados[39m
2024-08-09 16:05:51:551 - [32minfo[39m: [32mAplicação rodando na porta 3000[39m
2024-08-09 16:05:55:555 - [32minfo[39m: [32mAplicação conectou ao banco de dados[39m
2024-08-09 16:05:55:555 - [32minfo[39m: [32mAplicação rodando na porta 3000[39m
2024-08-09 16:06:28:628 - [32minfo[39m: [32mAplicação conectou ao banco de dados[39m
2024-08-09 16:06:28:628 - [32minfo[39m: [32mAplicação rodando na porta 3000[39m
2024-08-09 16:07:05:75 - [32minfo[39m: [32mAplicação conectou ao banco de dados[39m
2024-08-09 16:07:05:75 - [32minfo[39m: [32mAplicação rodando na porta 3000[39m
2024-08-09 16:07:07:77 - [32minfo[39m: [32mAplicação conectou ao banco de dados[39m
2024-08-09 16:07:07:77 - [32minfo[39m: [32mAplicação rodando na porta 3000[39m
2024-08-09 16:08:48:848 - [35mhttp[39m: [35mGET /api/movie/66b6457820b67cd9ade151f5 404 173 - 2.154 ms[39m
[35m[39m
2024-08-09 16:09:17:917 - [32minfo[39m: [32mAplicação conectou ao banco de dados[39m
2024-08-09 16:09:17:917 - [32minfo[39m: [32mAplicação rodando na porta 3000[39m
2024-08-09 16:09:20:920 - [32minfo[39m: [32mAplicação conectou ao banco de dados[39m
2024-08-09 16:09:20:920 - [32minfo[39m: [32mAplicação rodando na porta 3000[39m
2024-08-09 16:09:24:924 - [32minfo[39m: [32mAplicação conectou ao banco de dados[39m
2024-08-09 16:09:24:924 - [32minfo[39m: [32mAplicação rodando na porta 3000[39m
2024-08-09 16:09:28:928 - [32minfo[39m: [32mAplicação conectou ao banco de dados[39m
2024-08-09 16:09:28:928 - [32minfo[39m: [32mAplicação rodando na porta 3000[39m
2024-08-09 16:09:30:930 - [32minfo[39m: [32mAplicação conectou ao banco de dados[39m
2024-08-09 16:09:30:930 - [32minfo[39m: [32mAplicação rodando na porta 3000[39m
2024-08-09 16:09:33:933 - [32minfo[39m: [32mAplicação conectou ao banco de dados[39m
2024-08-09 16:09:33:933 - [32minfo[39m: [32mAplicação rodando na porta 3000[39m
2024-08-09 16:09:45:945 - [32minfo[39m: [32mAplicação conectou ao banco de dados[39m
2024-08-09 16:09:45:945 - [32minfo[39m: [32mAplicação rodando na porta 3000[39m
2024-08-09 16:10:01:101 - [35mhttp[39m: [35mGET /api/movie/66b6457820b67cd9ade151f5 200 588 - 40.819 ms[39m
[35m[39m
2024-08-09 16:11:17:1117 - [35mhttp[39m: [35mGET /api/movie/66b6457820b67cd9ade151f6 404 34 - 106.555 ms[39m
[35m[39m
2024-08-09 16:11:25:1125 - [35mhttp[39m: [35mGET /api/movie/66b6457820b67cd9ade151f5 200 588 - 26.813 ms[39m
[35m[39m
2024-08-09 16:14:46:1446 - [35mhttp[39m: [35mPOST /api/movie 201 560 - 55.418 ms[39m
[35m[39m
2024-08-09 16:15:41:1541 - [35mhttp[39m: [35mPOST /api/movie 201 539 - 35.080 ms[39m
[35m[39m
2024-08-09 16:16:46:1646 - [32minfo[39m: [32mAplicação conectou ao banco de dados[39m
2024-08-09 16:16:46:1646 - [32minfo[39m: [32mAplicação rodando na porta 3000[39m
2024-08-09 16:16:53:1653 - [32minfo[39m: [32mAplicação conectou ao banco de dados[39m
2024-08-09 16:16:53:1653 - [32minfo[39m: [32mAplicação rodando na porta 3000[39m
2024-08-09 16:16:55:1655 - [32minfo[39m: [32mAplicação conectou ao banco de dados[39m
2024-08-09 16:16:55:1655 - [32minfo[39m: [32mAplicação rodando na porta 3000[39m
2024-08-09 16:16:58:1658 - [32minfo[39m: [32mAplicação conectou ao banco de dados[39m
2024-08-09 16:16:58:1658 - [32minfo[39m: [32mAplicação rodando na porta 3000[39m
2024-08-09 16:17:02:172 - [32minfo[39m: [32mAplicação conectou ao banco de dados[39m
2024-08-09 16:17:02:172 - [32minfo[39m: [32mAplicação rodando na porta 3000[39m
2024-08-09 16:17:05:175 - [32minfo[39m: [32mAplicação conectou ao banco de dados[39m
2024-08-09 16:17:05:175 - [32minfo[39m: [32mAplicação rodando na porta 3000[39m
2024-08-09 16:17:09:179 - [32minfo[39m: [32mAplicação conectou ao banco de dados[39m
2024-08-09 16:17:09:179 - [32minfo[39m: [32mAplicação rodando na porta 3000[39m
2024-08-09 16:17:12:1712 - [32minfo[39m: [32mAplicação conectou ao banco de dados[39m
2024-08-09 16:17:12:1712 - [32minfo[39m: [32mAplicação rodando na porta 3000[39m
2024-08-09 16:17:17:1717 - [32minfo[39m: [32mAplicação conectou ao banco de dados[39m
2024-08-09 16:17:17:1717 - [32minfo[39m: [32mAplicação rodando na porta 3000[39m
2024-08-09 16:17:26:1726 - [32minfo[39m: [32mAplicação conectou ao banco de dados[39m
2024-08-09 16:17:26:1726 - [32minfo[39m: [32mAplicação rodando na porta 3000[39m
2024-08-09 16:17:37:1737 - [32minfo[39m: [32mAplicação conectou ao banco de dados[39m
2024-08-09 16:17:37:1737 - [32minfo[39m: [32mAplicação rodando na porta 3000[39m
2024-08-09 16:18:06:186 - [32minfo[39m: [32mAplicação conectou ao banco de dados[39m
2024-08-09 16:18:06:186 - [32minfo[39m: [32mAplicação rodando na porta 3000[39m
2024-08-09 16:18:14:1814 - [32minfo[39m: [32mAplicação conectou ao banco de dados[39m
2024-08-09 16:18:14:1814 - [32minfo[39m: [32mAplicação rodando na porta 3000[39m
2024-08-09 16:18:15:1815 - [32minfo[39m: [32mAplicação conectou ao banco de dados[39m
2024-08-09 16:18:15:1815 - [32minfo[39m: [32mAplicação rodando na porta 3000[39m
2024-08-09 16:18:19:1819 - [32minfo[39m: [32mAplicação conectou ao banco de dados[39m
2024-08-09 16:18:19:1819 - [32minfo[39m: [32mAplicação rodando na porta 3000[39m
2024-08-09 16:18:20:1820 - [32minfo[39m: [32mAplicação conectou ao banco de dados[39m
2024-08-09 16:18:20:1820 - [32minfo[39m: [32mAplicação rodando na porta 3000[39m
2024-08-09 16:18:22:1822 - [32minfo[39m: [32mAplicação conectou ao banco de dados[39m
2024-08-09 16:18:22:1822 - [32minfo[39m: [32mAplicação rodando na porta 3000[39m
2024-08-09 16:18:25:1825 - [32minfo[39m: [32mAplicação conectou ao banco de dados[39m
2024-08-09 16:18:25:1825 - [32minfo[39m: [32mAplicação rodando na porta 3000[39m
2024-08-09 16:18:31:1831 - [32minfo[39m: [32mAplicação conectou ao banco de dados[39m
2024-08-09 16:18:31:1831 - [32minfo[39m: [32mAplicação rodando na porta 3000[39m
2024-08-09 16:18:34:1834 - [32minfo[39m: [32mAplicação conectou ao banco de dados[39m
2024-08-09 16:18:34:1834 - [32minfo[39m: [32mAplicação rodando na porta 3000[39m
2024-08-09 16:18:35:1835 - [32minfo[39m: [32mAplicação conectou ao banco de dados[39m
2024-08-09 16:18:35:1835 - [32minfo[39m: [32mAplicação rodando na porta 3000[39m
2024-08-09 16:18:38:1838 - [32minfo[39m: [32mAplicação conectou ao banco de dados[39m
2024-08-09 16:18:38:1838 - [32minfo[39m: [32mAplicação rodando na porta 3000[39m
2024-08-09 16:18:43:1843 - [32minfo[39m: [32mAplicação conectou ao banco de dados[39m
2024-08-09 16:18:43:1843 - [32minfo[39m: [32mAplicação rodando na porta 3000[39m
2024-08-09 16:18:45:1845 - [32minfo[39m: [32mAplicação conectou ao banco de dados[39m
2024-08-09 16:18:45:1845 - [32minfo[39m: [32mAplicação rodando na porta 3000[39m
2024-08-09 16:18:48:1848 - [32minfo[39m: [32mAplicação conectou ao banco de dados[39m
2024-08-09 16:18:48:1848 - [32minfo[39m: [32mAplicação rodando na porta 3000[39m
2024-08-09 16:18:58:1858 - [32minfo[39m: [32mAplicação conectou ao banco de dados[39m
2024-08-09 16:18:58:1858 - [32minfo[39m: [32mAplicação rodando na porta 3000[39m
2024-08-09 16:19:00:190 - [32minfo[39m: [32mAplicação conectou ao banco de dados[39m
2024-08-09 16:19:00:190 - [32minfo[39m: [32mAplicação rodando na porta 3000[39m
2024-08-09 16:19:03:193 - [32minfo[39m: [32mAplicação conectou ao banco de dados[39m
2024-08-09 16:19:03:193 - [32minfo[39m: [32mAplicação rodando na porta 3000[39m
2024-08-09 16:19:07:197 - [32minfo[39m: [32mAplicação conectou ao banco de dados[39m
2024-08-09 16:19:07:197 - [32minfo[39m: [32mAplicação rodando na porta 3000[39m
2024-08-09 16:19:09:199 - [32minfo[39m: [32mAplicação conectou ao banco de dados[39m
2024-08-09 16:19:09:199 - [32minfo[39m: [32mAplicação rodando na porta 3000[39m
2024-08-09 16:19:15:1915 - [32minfo[39m: [32mAplicação conectou ao banco de dados[39m
2024-08-09 16:19:15:1915 - [32minfo[39m: [32mAplicação rodando na porta 3000[39m
2024-08-09 16:19:57:1957 - [35mhttp[39m: [35mGET /api/movie 404 148 - 2.264 ms[39m
[35m[39m
2024-08-09 16:20:22:2022 - [35mhttp[39m: [35mGET /api/movies 200 1691 - 45.635 ms[39m
[35m[39m
2024-08-09 16:23:34:2334 - [32minfo[39m: [32mAplicação conectou ao banco de dados[39m
2024-08-09 16:23:34:2334 - [32minfo[39m: [32mAplicação rodando na porta 3000[39m
2024-08-09 16:23:39:2339 - [32minfo[39m: [32mAplicação conectou ao banco de dados[39m
2024-08-09 16:23:39:2339 - [32minfo[39m: [32mAplicação rodando na porta 3000[39m
2024-08-09 16:23:44:2344 - [32minfo[39m: [32mAplicação conectou ao banco de dados[39m
2024-08-09 16:23:44:2344 - [32minfo[39m: [32mAplicação rodando na porta 3000[39m
2024-08-09 16:23:45:2345 - [32minfo[39m: [32mAplicação conectou ao banco de dados[39m
2024-08-09 16:23:45:2345 - [32minfo[39m: [32mAplicação rodando na porta 3000[39m
2024-08-09 16:23:47:2347 - [32minfo[39m: [32mAplicação conectou ao banco de dados[39m
2024-08-09 16:23:47:2347 - [32minfo[39m: [32mAplicação rodando na porta 3000[39m
2024-08-09 16:23:48:2348 - [32minfo[39m: [32mAplicação conectou ao banco de dados[39m
2024-08-09 16:23:48:2348 - [32minfo[39m: [32mAplicação rodando na porta 3000[39m
2024-08-09 16:23:53:2353 - [32minfo[39m: [32mAplicação conectou ao banco de dados[39m
2024-08-09 16:23:53:2353 - [32minfo[39m: [32mAplicação rodando na porta 3000[39m
2024-08-09 16:23:56:2356 - [32minfo[39m: [32mAplicação conectou ao banco de dados[39m
2024-08-09 16:23:56:2356 - [32minfo[39m: [32mAplicação rodando na porta 3000[39m
2024-08-09 16:23:59:2359 - [32minfo[39m: [32mAplicação conectou ao banco de dados[39m
2024-08-09 16:23:59:2359 - [32minfo[39m: [32mAplicação rodando na porta 3000[39m
2024-08-09 16:24:02:242 - [32minfo[39m: [32mAplicação conectou ao banco de dados[39m
2024-08-09 16:24:02:242 - [32minfo[39m: [32mAplicação rodando na porta 3000[39m
2024-08-09 16:24:14:2414 - [32minfo[39m: [32mAplicação conectou ao banco de dados[39m
2024-08-09 16:24:14:2414 - [32minfo[39m: [32mAplicação rodando na porta 3000[39m
2024-08-09 16:24:23:2423 - [32minfo[39m: [32mAplicação conectou ao banco de dados[39m
2024-08-09 16:24:23:2423 - [32minfo[39m: [32mAplicação rodando na porta 3000[39m
2024-08-09 16:24:32:2432 - [32minfo[39m: [32mAplicação conectou ao banco de dados[39m
2024-08-09 16:24:32:2432 - [32minfo[39m: [32mAplicação rodando na porta 3000[39m
2024-08-09 16:24:33:2433 - [32minfo[39m: [32mAplicação conectou ao banco de dados[39m
2024-08-09 16:24:34:2434 - [32minfo[39m: [32mAplicação rodando na porta 3000[39m
2024-08-09 16:24:44:2444 - [32minfo[39m: [32mAplicação conectou ao banco de dados[39m
2024-08-09 16:24:44:2444 - [32minfo[39m: [32mAplicação rodando na porta 3000[39m
2024-08-09 16:24:45:2445 - [32minfo[39m: [32mAplicação conectou ao banco de dados[39m
2024-08-09 16:24:45:2445 - [32minfo[39m: [32mAplicação rodando na porta 3000[39m
2024-08-09 16:24:49:2449 - [32minfo[39m: [32mAplicação conectou ao banco de dados[39m
2024-08-09 16:24:49:2449 - [32minfo[39m: [32mAplicação rodando na porta 3000[39m
2024-08-09 16:26:45:2645 - [32minfo[39m: [32mAplicação conectou ao banco de dados[39m
2024-08-09 16:26:45:2645 - [32minfo[39m: [32mAplicação rodando na porta 3000[39m
2024-08-09 16:26:49:2649 - [32minfo[39m: [32mAplicação conectou ao banco de dados[39m
2024-08-09 16:26:49:2649 - [32minfo[39m: [32mAplicação rodando na porta 3000[39m
2024-08-09 16:26:52:2652 - [32minfo[39m: [32mAplicação conectou ao banco de dados[39m
2024-08-09 16:26:52:2652 - [32minfo[39m: [32mAplicação rodando na porta 3000[39m
2024-08-09 16:26:54:2654 - [32minfo[39m: [32mAplicação conectou ao banco de dados[39m
2024-08-09 16:26:54:2654 - [32minfo[39m: [32mAplicação rodando na porta 3000[39m
2024-08-09 16:27:03:273 - [32minfo[39m: [32mAplicação conectou ao banco de dados[39m
2024-08-09 16:27:03:273 - [32minfo[39m: [32mAplicação rodando na porta 3000[39m
2024-08-09 16:27:09:279 - [32minfo[39m: [32mAplicação conectou ao banco de dados[39m
2024-08-09 16:27:09:279 - [32minfo[39m: [32mAplicação rodando na porta 3000[39m
2024-08-09 16:27:20:2720 - [32minfo[39m: [32mAplicação conectou ao banco de dados[39m
2024-08-09 16:27:20:2720 - [32minfo[39m: [32mAplicação rodando na porta 3000[39m
2024-08-09 16:27:30:2730 - [32minfo[39m: [32mAplicação conectou ao banco de dados[39m
2024-08-09 16:27:30:2730 - [32minfo[39m: [32mAplicação rodando na porta 3000[39m
2024-08-09 16:27:37:2737 - [32minfo[39m: [32mAplicação conectou ao banco de dados[39m
2024-08-09 16:27:37:2737 - [32minfo[39m: [32mAplicação rodando na porta 3000[39m
2024-08-09 16:27:52:2752 - [32minfo[39m: [32mAplicação conectou ao banco de dados[39m
2024-08-09 16:27:52:2752 - [32minfo[39m: [32mAplicação rodando na porta 3000[39m
2024-08-09 16:27:56:2756 - [32minfo[39m: [32mAplicação conectou ao banco de dados[39m
2024-08-09 16:27:56:2756 - [32minfo[39m: [32mAplicação rodando na porta 3000[39m
2024-08-09 16:27:59:2759 - [32minfo[39m: [32mAplicação conectou ao banco de dados[39m
2024-08-09 16:27:59:2759 - [32minfo[39m: [32mAplicação rodando na porta 3000[39m
2024-08-09 16:28:07:287 - [32minfo[39m: [32mAplicação conectou ao banco de dados[39m
2024-08-09 16:28:07:287 - [32minfo[39m: [32mAplicação rodando na porta 3000[39m
2024-08-09 16:28:16:2816 - [32minfo[39m: [32mAplicação conectou ao banco de dados[39m
2024-08-09 16:28:16:2816 - [32minfo[39m: [32mAplicação rodando na porta 3000[39m
2024-08-09 16:28:18:2818 - [32minfo[39m: [32mAplicação conectou ao banco de dados[39m
2024-08-09 16:28:18:2818 - [32minfo[39m: [32mAplicação rodando na porta 3000[39m
2024-08-09 16:28:25:2825 - [32minfo[39m: [32mAplicação conectou ao banco de dados[39m
2024-08-09 16:28:25:2825 - [32minfo[39m: [32mAplicação rodando na porta 3000[39m
2024-08-09 16:28:25:2825 - [32minfo[39m: [32mAplicação conectou ao banco de dados[39m
2024-08-09 16:28:25:2825 - [32minfo[39m: [32mAplicação rodando na porta 3000[39m
2024-08-09 16:28:29:2829 - [32minfo[39m: [32mAplicação conectou ao banco de dados[39m
2024-08-09 16:28:29:2829 - [32minfo[39m: [32mAplicação rodando na porta 3000[39m
2024-08-09 16:28:32:2832 - [32minfo[39m: [32mAplicação conectou ao banco de dados[39m
2024-08-09 16:28:32:2832 - [32minfo[39m: [32mAplicação rodando na porta 3000[39m
2024-08-09 16:28:33:2833 - [32minfo[39m: [32mAplicação conectou ao banco de dados[39m
2024-08-09 16:28:33:2833 - [32minfo[39m: [32mAplicação rodando na porta 3000[39m
2024-08-09 16:28:36:2836 - [32minfo[39m: [32mAplicação conectou ao banco de dados[39m
2024-08-09 16:28:36:2836 - [32minfo[39m: [32mAplicação rodando na porta 3000[39m
2024-08-09 16:28:39:2839 - [32minfo[39m: [32mAplicação conectou ao banco de dados[39m
2024-08-09 16:28:39:2839 - [32minfo[39m: [32mAplicação rodando na porta 3000[39m
2024-08-09 16:28:41:2841 - [32minfo[39m: [32mAplicação conectou ao banco de dados[39m
2024-08-09 16:28:41:2841 - [32minfo[39m: [32mAplicação rodando na porta 3000[39m
2024-08-09 16:28:47:2847 - [32minfo[39m: [32mAplicação conectou ao banco de dados[39m
2024-08-09 16:28:47:2847 - [32minfo[39m: [32mAplicação rodando na porta 3000[39m
2024-08-09 16:28:49:2849 - [32minfo[39m: [32mAplicação conectou ao banco de dados[39m
2024-08-09 16:28:49:2849 - [32minfo[39m: [32mAplicação rodando na porta 3000[39m
2024-08-09 16:28:53:2853 - [32minfo[39m: [32mAplicação conectou ao banco de dados[39m
2024-08-09 16:28:53:2853 - [32minfo[39m: [32mAplicação rodando na porta 3000[39m
2024-08-09 16:28:58:2858 - [32minfo[39m: [32mAplicação conectou ao banco de dados[39m
2024-08-09 16:28:58:2858 - [32minfo[39m: [32mAplicação rodando na porta 3000[39m
2024-08-09 16:29:16:2916 - [32minfo[39m: [32mAplicação conectou ao banco de dados[39m
2024-08-09 16:29:16:2916 - [32minfo[39m: [32mAplicação rodando na porta 3000[39m
2024-08-09 16:29:20:2920 - [32minfo[39m: [32mAplicação conectou ao banco de dados[39m
2024-08-09 16:29:20:2920 - [32minfo[39m: [32mAplicação rodando na porta 3000[39m
2024-08-09 16:29:22:2922 - [32minfo[39m: [32mAplicação conectou ao banco de dados[39m
2024-08-09 16:29:22:2922 - [32minfo[39m: [32mAplicação rodando na porta 3000[39m
2024-08-09 16:29:26:2926 - [32minfo[39m: [32mAplicação conectou ao banco de dados[39m
2024-08-09 16:29:26:2926 - [32minfo[39m: [32mAplicação rodando na porta 3000[39m
2024-08-09 16:29:28:2928 - [32minfo[39m: [32mAplicação conectou ao banco de dados[39m
2024-08-09 16:29:28:2928 - [32minfo[39m: [32mAplicação rodando na porta 3000[39m
2024-08-09 16:29:30:2930 - [32minfo[39m: [32mAplicação conectou ao banco de dados[39m
2024-08-09 16:29:30:2930 - [32minfo[39m: [32mAplicação rodando na porta 3000[39m
2024-08-09 16:29:36:2936 - [32minfo[39m: [32mAplicação conectou ao banco de dados[39m
2024-08-09 16:29:36:2936 - [32minfo[39m: [32mAplicação rodando na porta 3000[39m
2024-08-09 16:30:23:3023 - [35mhttp[39m: [35mDELETE /api/movie/66b6457820b67cd9ade151f6 404 34 - 42.208 ms[39m
[35m[39m
2024-08-09 16:32:11:3211 - [32minfo[39m: [32mAplicação conectou ao banco de dados[39m
2024-08-09 16:32:11:3211 - [32minfo[39m: [32mAplicação rodando na porta 3000[39m
2024-08-09 16:32:21:3221 - [32minfo[39m: [32mAplicação conectou ao banco de dados[39m
2024-08-09 16:32:21:3221 - [32minfo[39m: [32mAplicação rodando na porta 3000[39m
2024-08-09 16:32:25:3225 - [32minfo[39m: [32mAplicação conectou ao banco de dados[39m
2024-08-09 16:32:25:3225 - [32minfo[39m: [32mAplicação rodando na porta 3000[39m
2024-08-09 16:32:26:3226 - [32minfo[39m: [32mAplicação conectou ao banco de dados[39m
2024-08-09 16:32:26:3226 - [32minfo[39m: [32mAplicação rodando na porta 3000[39m
2024-08-09 16:32:28:3228 - [32minfo[39m: [32mAplicação conectou ao banco de dados[39m
2024-08-09 16:32:28:3228 - [32minfo[39m: [32mAplicação rodando na porta 3000[39m
2024-08-09 16:32:44:3244 - [32minfo[39m: [32mAplicação conectou ao banco de dados[39m
2024-08-09 16:32:44:3244 - [32minfo[39m: [32mAplicação rodando na porta 3000[39m
2024-08-09 16:32:46:3246 - [32minfo[39m: [32mAplicação conectou ao banco de dados[39m
2024-08-09 16:32:46:3246 - [32minfo[39m: [32mAplicação rodando na porta 3000[39m
2024-08-09 16:32:50:3250 - [32minfo[39m: [32mAplicação conectou ao banco de dados[39m
2024-08-09 16:32:50:3250 - [32minfo[39m: [32mAplicação rodando na porta 3000[39m
2024-08-09 16:32:52:3252 - [32minfo[39m: [32mAplicação conectou ao banco de dados[39m
2024-08-09 16:32:52:3252 - [32minfo[39m: [32mAplicação rodando na porta 3000[39m
2024-08-09 16:32:54:3254 - [32minfo[39m: [32mAplicação conectou ao banco de dados[39m
2024-08-09 16:32:54:3254 - [32minfo[39m: [32mAplicação rodando na porta 3000[39m
2024-08-09 16:32:56:3256 - [32minfo[39m: [32mAplicação conectou ao banco de dados[39m
2024-08-09 16:32:56:3256 - [32minfo[39m: [32mAplicação rodando na porta 3000[39m
2024-08-09 16:33:01:331 - [32minfo[39m: [32mAplicação conectou ao banco de dados[39m
2024-08-09 16:33:01:331 - [32minfo[39m: [32mAplicação rodando na porta 3000[39m
2024-08-09 16:33:09:339 - [32minfo[39m: [32mAplicação conectou ao banco de dados[39m
2024-08-09 16:33:09:339 - [32minfo[39m: [32mAplicação rodando na porta 3000[39m
2024-08-09 16:33:24:3324 - [35mhttp[39m: [35mDELETE /api/movie/66b66adda49ac8201737f65a 200 36 - 76.870 ms[39m
[35m[39m
2024-08-09 18:52:00:520 - [35mhttp[39m: [35mGET / 404 139 - 2.179 ms[39m
[35m[39m
2024-08-09 18:56:00:560 - [32minfo[39m: [32mAplicação conectou ao banco de dados[39m
2024-08-09 18:56:00:560 - [32minfo[39m: [32mAplicação rodando na porta 3000[39m
2024-08-09 18:56:14:5614 - [32minfo[39m: [32mAplicação conectou ao banco de dados[39m
2024-08-09 18:56:14:5614 - [32minfo[39m: [32mAplicação rodando na porta 3000[39m
2024-08-09 18:56:17:5617 - [32minfo[39m: [32mAplicação conectou ao banco de dados[39m
2024-08-09 18:56:17:5617 - [32minfo[39m: [32mAplicação rodando na porta 3000[39m
2024-08-09 18:56:19:5619 - [32minfo[39m: [32mAplicação conectou ao banco de dados[39m
2024-08-09 18:56:19:5619 - [32minfo[39m: [32mAplicação rodando na porta 3000[39m
2024-08-09 18:56:22:5622 - [32minfo[39m: [32mAplicação conectou ao banco de dados[39m
2024-08-09 18:56:22:5622 - [32minfo[39m: [32mAplicação rodando na porta 3000[39m
2024-08-09 18:56:25:5625 - [32minfo[39m: [32mAplicação conectou ao banco de dados[39m
2024-08-09 18:56:25:5625 - [32minfo[39m: [32mAplicação rodando na porta 3000[39m
2024-08-09 18:56:39:5639 - [32minfo[39m: [32mAplicação conectou ao banco de dados[39m
2024-08-09 18:56:39:5639 - [32minfo[39m: [32mAplicação rodando na porta 3000[39m
2024-08-09 18:56:44:5644 - [32minfo[39m: [32mAplicação conectou ao banco de dados[39m
2024-08-09 18:56:44:5644 - [32minfo[39m: [32mAplicação rodando na porta 3000[39m
2024-08-09 18:56:56:5656 - [32minfo[39m: [32mAplicação conectou ao banco de dados[39m
2024-08-09 18:56:56:5656 - [32minfo[39m: [32mAplicação rodando na porta 3000[39m
2024-08-09 18:57:29:5729 - [32minfo[39m: [32mAplicação conectou ao banco de dados[39m
2024-08-09 18:57:29:5729 - [32minfo[39m: [32mAplicação rodando na porta 3000[39m
2024-08-09 18:57:32:5732 - [32minfo[39m: [32mAplicação conectou ao banco de dados[39m
2024-08-09 18:57:32:5732 - [32minfo[39m: [32mAplicação rodando na porta 3000[39m
2024-08-09 18:57:34:5734 - [32minfo[39m: [32mAplicação conectou ao banco de dados[39m
2024-08-09 18:57:34:5734 - [32minfo[39m: [32mAplicação rodando na porta 3000[39m
2024-08-09 18:57:35:5735 - [32minfo[39m: [32mAplicação conectou ao banco de dados[39m
2024-08-09 18:57:35:5735 - [32minfo[39m: [32mAplicação rodando na porta 3000[39m
2024-08-09 18:57:37:5737 - [32minfo[39m: [32mAplicação conectou ao banco de dados[39m
2024-08-09 18:57:37:5737 - [32minfo[39m: [32mAplicação rodando na porta 3000[39m
2024-08-09 18:57:40:5740 - [32minfo[39m: [32mAplicação conectou ao banco de dados[39m
2024-08-09 18:57:40:5740 - [32minfo[39m: [32mAplicação rodando na porta 3000[39m
2024-08-09 18:57:43:5743 - [32minfo[39m: [32mAplicação conectou ao banco de dados[39m
2024-08-09 18:57:43:5743 - [32minfo[39m: [32mAplicação rodando na porta 3000[39m
2024-08-09 18:57:53:5753 - [32minfo[39m: [32mAplicação conectou ao banco de dados[39m
2024-08-09 18:57:53:5753 - [32minfo[39m: [32mAplicação rodando na porta 3000[39m
2024-08-09 18:59:00:590 - [32minfo[39m: [32mAplicação conectou ao banco de dados[39m
2024-08-09 18:59:00:590 - [32minfo[39m: [32mAplicação rodando na porta 3000[39m
2024-08-09 18:59:20:5920 - [32minfo[39m: [32mAplicação conectou ao banco de dados[39m
2024-08-09 18:59:20:5920 - [32minfo[39m: [32mAplicação rodando na porta 3000[39m
2024-08-09 18:59:31:5931 - [32minfo[39m: [32mAplicação conectou ao banco de dados[39m
2024-08-09 18:59:31:5931 - [32minfo[39m: [32mAplicação rodando na porta 3000[39m
2024-08-09 18:59:33:5933 - [32minfo[39m: [32mAplicação conectou ao banco de dados[39m
2024-08-09 18:59:33:5933 - [32minfo[39m: [32mAplicação rodando na porta 3000[39m
2024-08-09 18:59:40:5940 - [32minfo[39m: [32mAplicação conectou ao banco de dados[39m
2024-08-09 18:59:40:5940 - [32minfo[39m: [32mAplicação rodando na porta 3000[39m
2024-08-09 19:00:21:021 - [32minfo[39m: [32mAplicação conectou ao banco de dados[39m
2024-08-09 19:00:21:021 - [32minfo[39m: [32mAplicação rodando na porta 3000[39m
2024-08-09 19:00:23:023 - [32minfo[39m: [32mAplicação conectou ao banco de dados[39m
2024-08-09 19:00:23:023 - [32minfo[39m: [32mAplicação rodando na porta 3000[39m
2024-08-09 19:00:32:032 - [32minfo[39m: [32mAplicação conectou ao banco de dados[39m
2024-08-09 19:00:32:032 - [32minfo[39m: [32mAplicação rodando na porta 3000[39m
2024-08-09 19:00:33:033 - [32minfo[39m: [32mAplicação conectou ao banco de dados[39m
2024-08-09 19:00:33:033 - [32minfo[39m: [32mAplicação rodando na porta 3000[39m
2024-08-09 19:00:35:035 - [32minfo[39m: [32mAplicação conectou ao banco de dados[39m
2024-08-09 19:00:35:035 - [32minfo[39m: [32mAplicação rodando na porta 3000[39m
2024-08-09 19:00:37:037 - [32minfo[39m: [32mAplicação conectou ao banco de dados[39m
2024-08-09 19:00:37:037 - [32minfo[39m: [32mAplicação rodando na porta 3000[39m
2024-08-09 19:00:46:046 - [32minfo[39m: [32mAplicação conectou ao banco de dados[39m
2024-08-09 19:00:46:046 - [32minfo[39m: [32mAplicação rodando na porta 3000[39m
2024-08-09 19:00:48:048 - [32minfo[39m: [32mAplicação conectou ao banco de dados[39m
2024-08-09 19:00:48:048 - [32minfo[39m: [32mAplicação rodando na porta 3000[39m
2024-08-09 19:00:50:050 - [32minfo[39m: [32mAplicação conectou ao banco de dados[39m
2024-08-09 19:00:50:050 - [32minfo[39m: [32mAplicação rodando na porta 3000[39m
2024-08-09 19:00:54:054 - [32minfo[39m: [32mAplicação conectou ao banco de dados[39m
2024-08-09 19:00:54:054 - [32minfo[39m: [32mAplicação rodando na porta 3000[39m
2024-08-09 19:00:55:055 - [32minfo[39m: [32mAplicação conectou ao banco de dados[39m
2024-08-09 19:00:55:055 - [32minfo[39m: [32mAplicação rodando na porta 3000[39m
2024-08-09 19:00:57:057 - [32minfo[39m: [32mAplicação conectou ao banco de dados[39m
2024-08-09 19:00:57:057 - [32minfo[39m: [32mAplicação rodando na porta 3000[39m
2024-08-09 19:00:58:058 - [32minfo[39m: [32mAplicação conectou ao banco de dados[39m
2024-08-09 19:00:58:058 - [32minfo[39m: [32mAplicação rodando na porta 3000[39m
2024-08-09 19:01:02:12 - [32minfo[39m: [32mAplicação conectou ao banco de dados[39m
2024-08-09 19:01:02:12 - [32minfo[39m: [32mAplicação rodando na porta 3000[39m
2024-08-09 19:01:06:16 - [32minfo[39m: [32mAplicação conectou ao banco de dados[39m
2024-08-09 19:01:06:16 - [32minfo[39m: [32mAplicação rodando na porta 3000[39m
2024-08-09 19:01:16:116 - [32minfo[39m: [32mAplicação conectou ao banco de dados[39m
2024-08-09 19:01:16:116 - [32minfo[39m: [32mAplicação rodando na porta 3000[39m
2024-08-09 19:01:17:117 - [32minfo[39m: [32mAplicação conectou ao banco de dados[39m
2024-08-09 19:01:17:117 - [32minfo[39m: [32mAplicação rodando na porta 3000[39m
2024-08-09 19:02:05:25 - [32minfo[39m: [32mAplicação conectou ao banco de dados[39m
2024-08-09 19:02:05:25 - [32minfo[39m: [32mAplicação rodando na porta 3000[39m
2024-08-09 19:02:08:28 - [32minfo[39m: [32mAplicação conectou ao banco de dados[39m
2024-08-09 19:02:08:28 - [32minfo[39m: [32mAplicação rodando na porta 3000[39m
2024-08-09 19:02:11:211 - [32minfo[39m: [32mAplicação conectou ao banco de dados[39m
2024-08-09 19:02:11:211 - [32minfo[39m: [32mAplicação rodando na porta 3000[39m
2024-08-09 19:02:15:215 - [32minfo[39m: [32mAplicação conectou ao banco de dados[39m
2024-08-09 19:02:15:215 - [32minfo[39m: [32mAplicação rodando na porta 3000[39m
2024-08-09 19:02:17:217 - [32minfo[39m: [32mAplicação conectou ao banco de dados[39m
2024-08-09 19:02:17:217 - [32minfo[39m: [32mAplicação rodando na porta 3000[39m
2024-08-09 19:02:19:219 - [32minfo[39m: [32mAplicação conectou ao banco de dados[39m
2024-08-09 19:02:19:219 - [32minfo[39m: [32mAplicação rodando na porta 3000[39m
2024-08-09 19:02:22:222 - [32minfo[39m: [32mAplicação conectou ao banco de dados[39m
2024-08-09 19:02:22:222 - [32minfo[39m: [32mAplicação rodando na porta 3000[39m
2024-08-09 19:03:57:357 - [35mhttp[39m: [35mGET /api/movie/66b6457820b67cd9ade151f6 404 34 - 33.754 ms[39m
[35m[39m
2024-08-09 19:04:36:436 - [35mhttp[39m: [35mGET /api/movie/66b6457820b67cd9ade151f5 200 588 - 36.944 ms[39m
[35m[39m
2024-08-09 19:05:02:52 - [32minfo[39m: [32mErro no sistema: Performing an update on the path '_id' would modify the immutable field '_id'[39m
2024-08-09 19:05:02:52 - [35mhttp[39m: [35mPATCH /api/movie/66b6457820b67cd9ade151f5 500 67 - 78.044 ms[39m
[35m[39m
2024-08-09 19:06:36:636 - [32minfo[39m: [32mAplicação conectou ao banco de dados[39m
2024-08-09 19:06:36:636 - [32minfo[39m: [32mAplicação rodando na porta 3000[39m
2024-08-09 19:06:40:640 - [32minfo[39m: [32mAplicação conectou ao banco de dados[39m
2024-08-09 19:06:40:640 - [32minfo[39m: [32mAplicação rodando na porta 3000[39m
2024-08-09 19:06:42:642 - [32minfo[39m: [32mAplicação conectou ao banco de dados[39m
2024-08-09 19:06:42:642 - [32minfo[39m: [32mAplicação rodando na porta 3000[39m
2024-08-09 19:06:44:644 - [32minfo[39m: [32mAplicação conectou ao banco de dados[39m
2024-08-09 19:06:44:644 - [32minfo[39m: [32mAplicação rodando na porta 3000[39m
2024-08-09 19:06:45:645 - [32minfo[39m: [32mAplicação conectou ao banco de dados[39m
2024-08-09 19:06:45:645 - [32minfo[39m: [32mAplicação rodando na porta 3000[39m
2024-08-09 19:06:51:651 - [32minfo[39m: [32mAplicação conectou ao banco de dados[39m
2024-08-09 19:06:51:651 - [32minfo[39m: [32mAplicação rodando na porta 3000[39m
2024-08-09 19:06:53:653 - [32minfo[39m: [32mAplicação conectou ao banco de dados[39m
2024-08-09 19:06:53:653 - [32minfo[39m: [32mAplicação rodando na porta 3000[39m
2024-08-09 19:06:55:655 - [32minfo[39m: [32mAplicação conectou ao banco de dados[39m
2024-08-09 19:06:55:655 - [32minfo[39m: [32mAplicação rodando na porta 3000[39m
2024-08-09 19:06:59:659 - [32minfo[39m: [32mAplicação conectou ao banco de dados[39m
2024-08-09 19:06:59:659 - [32minfo[39m: [32mAplicação rodando na porta 3000[39m
2024-08-09 19:08:43:843 - [35mhttp[39m: [35mPATCH /api/movie/66b6457820b67cd9ade151f5 200 38 - 73.298 ms[39m
[35m[39m
2024-08-09 19:09:44:944 - [32minfo[39m: [32mAplicação conectou ao banco de dados[39m
2024-08-09 19:09:44:944 - [32minfo[39m: [32mAplicação rodando na porta 3000[39m
2024-08-09 19:10:08:108 - [35mhttp[39m: [35mPATCH /api/movie/66b6457820b67cd9ade151f5 200 606 - 78.287 ms[39m
[35m[39m
2024-08-09 19:10:35:1035 - [35mhttp[39m: [35mPATCH /api/movie/66b6457820b67cd9ade151f5 200 616 - 59.417 ms[39m
[35m[39m
2024-08-09 19:10:53:1053 - [35mhttp[39m: [35mPATCH /api/movie/66b6457820b67cd9ade151f5 200 616 - 63.234 ms[39m
[35m[39m
2024-08-09 19:11:36:1136 - [32minfo[39m: [32mAplicação conectou ao banco de dados[39m
2024-08-09 19:11:36:1136 - [32minfo[39m: [32mAplicação rodando na porta 3000[39m
2024-08-09 19:11:41:1141 - [35mhttp[39m: [35mPATCH /api/movie/66b6457820b67cd9ade151f5 200 112 - 104.025 ms[39m
[35m[39m
2024-08-09 19:13:25:1325 - [32minfo[39m: [32mAplicação conectou ao banco de dados[39m
2024-08-09 19:13:25:1325 - [32minfo[39m: [32mAplicação rodando na porta 3000[39m
2024-08-09 19:13:29:1329 - [32minfo[39m: [32mAplicação conectou ao banco de dados[39m
2024-08-09 19:13:29:1329 - [32minfo[39m: [32mAplicação rodando na porta 3000[39m
2024-08-09 19:13:35:1335 - [35mhttp[39m: [35mPATCH /api/movie/66b6457820b67cd9ade151f5 422 247 - 9.942 ms[39m
[35m[39m
2024-08-09 19:16:03:163 - [35mhttp[39m: [35mPATCH /api/movie/66b6457820b67cd9ade151f5 200 470 - 117.744 ms[39m
[35m[39m
2024-08-09 19:16:28:1628 - [35mhttp[39m: [35mPATCH /api/movie/66b6457820b67cd9ade151f5 200 478 - 194.559 ms[39m
[35m[39m
